#
# There is insufficient memory for the Java Runtime Environment to continue.
# Native memory allocation (malloc) failed to allocate 32756 bytes for ChunkPool::allocate
# Possible reasons:
#   The system is out of physical RAM or swap space
#   In 32 bit mode, the process size limit was hit
# Possible solutions:
#   Reduce memory load on the system
#   Increase physical memory or swap space
#   Check if swap backing store is full
#   Use 64 bit Java on a 64 bit OS
#   Decrease Java heap size (-Xmx/-Xms)
#   Decrease number of Java threads
#   Decrease Java thread stack sizes (-Xss)
#   Set larger code cache with -XX:ReservedCodeCacheSize=
# This output file may be truncated or incomplete.
#
#  Out of Memory Error (allocation.cpp:211), pid=9648, tid=6692
#
# JRE version: Java(TM) SE Runtime Environment (7.0_51-b13) (build 1.7.0_51-b13)
# Java VM: Java HotSpot(TM) Client VM (24.51-b03 mixed mode, sharing windows-x86 )
# Failed to write core dump. Minidumps are not enabled by default on client versions of Windows
#

---------------  T H R E A D  ---------------

Current thread (0x0121b400):  JavaThread "C1 CompilerThread0" daemon [_thread_in_native, id=6692, stack(0x03e60000,0x03eb0000)]

Stack: [0x03e60000,0x03eb0000],  sp=0x03eaf028,  free space=316k
Native frames: (J=compiled Java code, j=interpreted, Vv=VM code, C=native code)
V  [jvm.dll+0x18e0f1]
V  [jvm.dll+0x187ff5]
V  [jvm.dll+0x76f14]
V  [jvm.dll+0x770fc]
V  [jvm.dll+0x7744a]
V  [jvm.dll+0x8b864]
V  [jvm.dll+0x266da6]
V  [jvm.dll+0x26ba8e]
V  [jvm.dll+0x26d398]
V  [jvm.dll+0x26f8e1]
V  [jvm.dll+0x26fd37]
V  [jvm.dll+0x26c8c5]
V  [jvm.dll+0x26ea06]
V  [jvm.dll+0x26f008]
V  [jvm.dll+0x26fb75]
V  [jvm.dll+0x26fd37]
V  [jvm.dll+0x26c8c5]
V  [jvm.dll+0x26ea06]
V  [jvm.dll+0x26f4b3]
V  [jvm.dll+0x272f3d]
V  [jvm.dll+0x27308b]
V  [jvm.dll+0x261612]
V  [jvm.dll+0x261e1b]
V  [jvm.dll+0x261f6a]
V  [jvm.dll+0x2620cc]
V  [jvm.dll+0x262366]
V  [jvm.dll+0x5ed19]
V  [jvm.dll+0x5f31d]
V  [jvm.dll+0x16059c]
V  [jvm.dll+0x160fd7]
V  [jvm.dll+0x1a4b79]
C  [msvcr100.dll+0x5c556]
C  [msvcr100.dll+0x5c600]
C  [kernel32.dll+0x4ed5c]
C  [ntdll.dll+0x637eb]
C  [ntdll.dll+0x637be]


Current CompileTask:
C1:   1432  135             org.jsoup.parser.HtmlTreeBuilderState$7::process (3476 bytes)


---------------  P R O C E S S  ---------------

Java Threads: ( => current thread )
  0x03f95000 JavaThread "AWT-EventQueue-0" [_thread_blocked, id=5804, stack(0x03d80000,0x03dd0000)]
  0x03f73000 JavaThread "AWT-Windows" daemon [_thread_in_native, id=12112, stack(0x04270000,0x042c0000)]
  0x03f72800 JavaThread "AWT-Shutdown" [_thread_blocked, id=4232, stack(0x041e0000,0x04230000)]
  0x03f70000 JavaThread "Java2D Disposer" daemon [_thread_blocked, id=11900, stack(0x04150000,0x041a0000)]
  0x0122e400 JavaThread "Service Thread" daemon [_thread_blocked, id=8980, stack(0x03de0000,0x03e30000)]
=>0x0121b400 JavaThread "C1 CompilerThread0" daemon [_thread_in_native, id=6692, stack(0x03e60000,0x03eb0000)]
  0x0121a000 JavaThread "Attach Listener" daemon [_thread_blocked, id=9148, stack(0x03c80000,0x03cd0000)]
  0x01241400 JavaThread "Signal Dispatcher" daemon [_thread_blocked, id=8776, stack(0x03c10000,0x03c60000)]
  0x011af000 JavaThread "Finalizer" daemon [_thread_blocked, id=6496, stack(0x03cf0000,0x03d40000)]
  0x011ad800 JavaThread "Reference Handler" daemon [_thread_blocked, id=5064, stack(0x03ae0000,0x03b30000)]
  0x0107c000 JavaThread "main" [_thread_in_vm, id=6688, stack(0x01280000,0x012d0000)]

Other Threads:
  0x011abc00 VMThread [stack: 0x03b50000,0x03ba0000] [id=9644]
  0x0122f400 WatcherThread [stack: 0x03eb0000,0x03f00000] [id=4288]

VM state:not at safepoint (normal execution)

VM Mutex/Monitor currently owned by a thread: None

Heap
 def new generation   total 4928K, used 997K [0x23b00000, 0x24050000, 0x29050000)
  eden space 4416K,  10% used [0x23b00000, 0x23b795b8, 0x23f50000)
  from space 512K, 100% used [0x23fd0000, 0x24050000, 0x24050000)
  to   space 512K,   0% used [0x23f50000, 0x23f50000, 0x23fd0000)
 tenured generation   total 10944K, used 4883K [0x29050000, 0x29b00000, 0x33b00000)
   the space 10944K,  44% used [0x29050000, 0x29514ef0, 0x29515000, 0x29b00000)
 compacting perm gen  total 12288K, used 1392K [0x33b00000, 0x34700000, 0x37b00000)
   the space 12288K,  11% used [0x33b00000, 0x33c5c1b8, 0x33c5c200, 0x34700000)
    ro space 10240K,  41% used [0x37b00000, 0x37f32050, 0x37f32200, 0x38500000)
    rw space 12288K,  52% used [0x38500000, 0x38b46800, 0x38b46800, 0x39100000)

Card table byte_map: [0x03920000,0x039d0000] byte_map_base: 0x03802800

Polling page: 0x01060000

Code Cache  [0x01920000, 0x019f0000, 0x03920000)
 total_blobs=332 nmethods=134 adapters=135 free_code_cache=31953Kb largest_free_block=32720384

Compilation events (10 events):
Event: 1.348 Thread 0x0121b400 nmethod 130 0x019ea8c8 code [0x019ea9d0, 0x019eaa6c]
Event: 1.348 Thread 0x0121b400  131             org.jsoup.parser.TreeBuilder::currentElement (11 bytes)
Event: 1.348 Thread 0x0121b400 nmethod 131 0x019eaac8 code [0x019eabd0, 0x019eacfc]
Event: 1.348 Thread 0x0121b400  132             java.util.LinkedList$ListItr::previous (70 bytes)
Event: 1.348 Thread 0x0121b400 nmethod 132 0x019eae48 code [0x019eaf70, 0x019eb138]
Event: 1.348 Thread 0x0121b400  133             org.jsoup.helper.DescendableLinkedList$DescendingIterator::next (10 bytes)
Event: 1.348 Thread 0x0121b400 nmethod 133 0x019eb2c8 code [0x019eb3d0, 0x019eb46c]
Event: 1.348 Thread 0x0121b400  134             org.jsoup.nodes.Node::addChildren (61 bytes)
Event: 1.349 Thread 0x0121b400 nmethod 134 0x019eb4c8 code [0x019eb600, 0x019eb790]
Event: 1.349 Thread 0x0121b400  135             org.jsoup.parser.HtmlTreeBuilderState$7::process (3476 bytes)

GC Heap History (6 events):
Event: 1.051 GC heap before
{Heap before GC invocations=0 (full 0):
 def new generation   total 4928K, used 2137K [0x23b00000, 0x24050000, 0x29050000)
  eden space 4416K,  48% used [0x23b00000, 0x23d16608, 0x23f50000)
  from space 512K,   0% used [0x23f50000, 0x23f50000, 0x23fd0000)
  to   space 512K,   0% used [0x23fd0000, 0x23fd0000, 0x24050000)
 tenured generation   total 10944K, used 0K [0x29050000, 0x29b00000, 0x33b00000)
   the space 10944K,   0% used [0x29050000, 0x29050000, 0x29050200, 0x29b00000)
 compacting perm gen  total 12288K, used 862K [0x33b00000, 0x34700000, 0x37b00000)
   the space 12288K,   7% used [0x33b00000, 0x33bd7868, 0x33bd7a00, 0x34700000)
    ro space 10240K,  41% used [0x37b00000, 0x37f32050, 0x37f32200, 0x38500000)
    rw space 12288K,  52% used [0x38500000, 0x38b46800, 0x38b46800, 0x39100000)
Event: 1.056 GC heap after
Heap after GC invocations=1 (full 0):
 def new generation   total 4928K, used 512K [0x23b00000, 0x24050000, 0x29050000)
  eden space 4416K,   0% used [0x23b00000, 0x23b00000, 0x23f50000)
  from space 512K, 100% used [0x23fd0000, 0x24050000, 0x24050000)
  to   space 512K,   0% used [0x23f50000, 0x23f50000, 0x23fd0000)
 tenured generation   total 10944K, used 421K [0x29050000, 0x29b00000, 0x33b00000)
   the space 10944K,   3% used [0x29050000, 0x290b95c0, 0x290b9600, 0x29b00000)
 compacting perm gen  total 12288K, used 862K [0x33b00000, 0x34700000, 0x37b00000)
   the space 12288K,   7% used [0x33b00000, 0x33bd7868, 0x33bd7a00, 0x34700000)
    ro space 10240K,  41% used [0x37b00000, 0x37f32050, 0x37f32200, 0x38500000)
    rw space 12288K,  52% used [0x38500000, 0x38b46800, 0x38b46800, 0x39100000)
}
Event: 1.252 GC heap before
{Heap before GC invocations=1 (full 0):
 def new generation   total 4928K, used 4928K [0x23b00000, 0x24050000, 0x29050000)
  eden space 4416K, 100% used [0x23b00000, 0x23f50000, 0x23f50000)
  from space 512K, 100% used [0x23fd0000, 0x24050000, 0x24050000)
  to   space 512K,   0% used [0x23f50000, 0x23f50000, 0x23fd0000)
 tenured generation   total 10944K, used 421K [0x29050000, 0x29b00000, 0x33b00000)
   the space 10944K,   3% used [0x29050000, 0x290b95c0, 0x290b9600, 0x29b00000)
 compacting perm gen  total 12288K, used 1124K [0x33b00000, 0x34700000, 0x37b00000)
   the space 12288K,   9% used [0x33b00000, 0x33c19228, 0x33c19400, 0x34700000)
    ro space 10240K,  41% used [0x37b00000, 0x37f32050, 0x37f32200, 0x38500000)
    rw space 12288K,  52% used [0x38500000, 0x38b46800, 0x38b46800, 0x39100000)
Event: 1.259 GC heap after
Heap after GC invocations=2 (full 0):
 def new generation   total 4928K, used 415K [0x23b00000, 0x24050000, 0x29050000)
  eden space 4416K,   0% used [0x23b00000, 0x23b00000, 0x23f50000)
  from space 512K,  81% used [0x23f50000, 0x23fb7fb0, 0x23fd0000)
  to   space 512K,   0% used [0x23fd0000, 0x23fd0000, 0x24050000)
 tenured generation   total 10944K, used 3805K [0x29050000, 0x29b00000, 0x33b00000)
   the space 10944K,  34% used [0x29050000, 0x294075d8, 0x29407600, 0x29b00000)
 compacting perm gen  total 12288K, used 1124K [0x33b00000, 0x34700000, 0x37b00000)
   the space 12288K,   9% used [0x33b00000, 0x33c19228, 0x33c19400, 0x34700000)
    ro space 10240K,  41% used [0x37b00000, 0x37f32050, 0x37f32200, 0x38500000)
    rw space 12288K,  52% used [0x38500000, 0x38b46800, 0x38b46800, 0x39100000)
}
Event: 1.409 GC heap before
{Heap before GC invocations=2 (full 0):
 def new generation   total 4928K, used 4831K [0x23b00000, 0x24050000, 0x29050000)
  eden space 4416K, 100% used [0x23b00000, 0x23f50000, 0x23f50000)
  from space 512K,  81% used [0x23f50000, 0x23fb7fb0, 0x23fd0000)
  to   space 512K,   0% used [0x23fd0000, 0x23fd0000, 0x24050000)
 tenured generation   total 10944K, used 3805K [0x29050000, 0x29b00000, 0x33b00000)
   the space 10944K,  34% used [0x29050000, 0x294075d8, 0x29407600, 0x29b00000)
 compacting perm gen  total 12288K, used 1390K [0x33b00000, 0x34700000, 0x37b00000)
   the space 12288K,  11% used [0x33b00000, 0x33c5bbc8, 0x33c5bc00, 0x34700000)
    ro space 10240K,  41% used [0x37b00000, 0x37f32050, 0x37f32200, 0x38500000)
    rw space 12288K,  52% used [0x38500000, 0x38b46800, 0x38b46800, 0x39100000)
Event: 1.416 GC heap after
Heap after GC invocations=3 (full 0):
 def new generation   total 4928K, used 512K [0x23b00000, 0x24050000, 0x29050000)
  eden space 4416K,   0% used [0x23b00000, 0x23b00000, 0x23f50000)
  from space 512K, 100% used [0x23fd0000, 0x24050000, 0x24050000)
  to   space 512K,   0% used [0x23f50000, 0x23f50000, 0x23fd0000)
 tenured generation   total 10944K, used 4883K [0x29050000, 0x29b00000, 0x33b00000)
   the space 10944K,  44% used [0x29050000, 0x29514ef0, 0x29515000, 0x29b00000)
 compacting perm gen  total 12288K, used 1390K [0x33b00000, 0x34700000, 0x37b00000)
   the space 12288K,  11% used [0x33b00000, 0x33c5bbc8, 0x33c5bc00, 0x34700000)
    ro space 10240K,  41% used [0x37b00000, 0x37f32050, 0x37f32200, 0x38500000)
    rw space 12288K,  52% used [0x38500000, 0x38b46800, 0x38b46800, 0x39100000)
}

Deoptimization events (0 events):
No events

Internal exceptions (10 events):
Event: 1.385 Thread 0x0107c000 Threw 0x23f04540 at C:\re\jdk7u51\527\hotspot\src\share\vm\prims\jvm.cpp:1244
Event: 1.385 Thread 0x0107c000 Threw 0x23f07720 at C:\re\jdk7u51\527\hotspot\src\share\vm\prims\jvm.cpp:1244
Event: 1.386 Thread 0x0107c000 Threw 0x23f0a858 at C:\re\jdk7u51\527\hotspot\src\share\vm\prims\jvm.cpp:1244
Event: 1.387 Thread 0x0107c000 Threw 0x23f0d1b0 at C:\re\jdk7u51\527\hotspot\src\share\vm\prims\jvm.cpp:1244
Event: 1.387 Thread 0x0107c000 Threw 0x23f10df0 at C:\re\jdk7u51\527\hotspot\src\share\vm\prims\jvm.cpp:1244
Event: 1.389 Thread 0x0107c000 Threw 0x23f12ff0 at C:\re\jdk7u51\527\hotspot\src\share\vm\prims\jvm.cpp:1244
Event: 1.389 Thread 0x0107c000 Threw 0x23f19458 at C:\re\jdk7u51\527\hotspot\src\share\vm\prims\jvm.cpp:1244
Event: 1.389 Thread 0x0107c000 Threw 0x23f1bf58 at C:\re\jdk7u51\527\hotspot\src\share\vm\prims\jvm.cpp:1244
Event: 1.393 Thread 0x0107c000 Threw 0x23f1f958 at C:\re\jdk7u51\527\hotspot\src\share\vm\prims\jvm.cpp:1244
Event: 1.409 Thread 0x0107c000 Threw 0x23f4e1e0 at C:\re\jdk7u51\527\hotspot\src\share\vm\prims\jvm.cpp:1244

Events (10 events):
Event: 1.389 loading class 0x03fbd478
Event: 1.389 loading class 0x03fbd478 done
Event: 1.389 loading class 0x03fba330
Event: 1.389 loading class 0x03fba330 done
Event: 1.393 loading class 0x03fbbfb8
Event: 1.393 loading class 0x03fbbfb8 done
Event: 1.409 loading class 0x03fbd4b0
Event: 1.409 loading class 0x03fbd4b0 done
Event: 1.409 Executing VM operation: GenCollectForAllocation
Event: 1.416 Executing VM operation: GenCollectForAllocation done


Dynamic libraries:
0x01140000 - 0x0116f000 	C:\Program Files\Java\jre7\bin\javaw.exe
0x775d0000 - 0x7770c000 	C:\Windows\SYSTEM32\ntdll.dll
0x75c20000 - 0x75cf4000 	C:\Windows\system32\kernel32.dll
0x75840000 - 0x7588b000 	C:\Windows\system32\KERNELBASE.dll
0x77170000 - 0x77210000 	C:\Windows\system32\ADVAPI32.dll
0x75e80000 - 0x75f2c000 	C:\Windows\system32\msvcrt.dll
0x76260000 - 0x76279000 	C:\Windows\SYSTEM32\sechost.dll
0x76f60000 - 0x77002000 	C:\Windows\system32\RPCRT4.dll
0x77010000 - 0x770d9000 	C:\Windows\system32\USER32.dll
0x77710000 - 0x7775e000 	C:\Windows\system32\GDI32.dll
0x775c0000 - 0x775ca000 	C:\Windows\system32\LPK.dll
0x760f0000 - 0x7618d000 	C:\Windows\system32\USP10.dll
0x743e0000 - 0x7457e000 	C:\Windows\WinSxS\x86_microsoft.windows.common-controls_6595b64144ccf1df_6.0.7601.17514_none_41e6975e2bd6f2b2\COMCTL32.dll
0x77760000 - 0x777b7000 	C:\Windows\system32\SHLWAPI.dll
0x75a00000 - 0x75a1f000 	C:\Windows\system32\IMM32.DLL
0x76190000 - 0x7625c000 	C:\Windows\system32\MSCTF.dll
0x532b0000 - 0x5336f000 	C:\Program Files\Java\jre7\bin\msvcr100.dll
0x53880000 - 0x53c00000 	C:\Program Files\Java\jre7\bin\client\jvm.dll
0x71460000 - 0x71467000 	C:\Windows\system32\WSOCK32.dll
0x77580000 - 0x775b5000 	C:\Windows\system32\WS2_32.dll
0x770e0000 - 0x770e6000 	C:\Windows\system32\NSI.dll
0x73a50000 - 0x73a82000 	C:\Windows\system32\WINMM.dll
0x773d0000 - 0x773d5000 	C:\Windows\system32\PSAPI.DLL
0x6f4c0000 - 0x6f4cc000 	C:\Program Files\Java\jre7\bin\verify.dll
0x6c010000 - 0x6c030000 	C:\Program Files\Java\jre7\bin\java.dll
0x58270000 - 0x58283000 	C:\Program Files\Java\jre7\bin\zip.dll
0x6cc70000 - 0x6cdb3000 	C:\Program Files\Java\jre7\bin\awt.dll
0x76ed0000 - 0x76f5f000 	C:\Windows\system32\OLEAUT32.dll
0x75f30000 - 0x7608c000 	C:\Windows\system32\ole32.dll
0x6bf50000 - 0x6bf73000 	C:\Users\HoonKim\workspace\BlindBrowser\BlindBrowser.dll
0x57470000 - 0x57539000 	C:\Windows\system32\MSVCP120D.dll
0x0fe00000 - 0x0ffbf000 	C:\Windows\system32\MSVCR120D.dll
0x73ea0000 - 0x73eb3000 	C:\Windows\system32\DWMAPI.DLL
0x74230000 - 0x74270000 	C:\Windows\system32\uxtheme.dll
0x75510000 - 0x7555c000 	C:\Windows\system32\apphelp.dll
0x6ef20000 - 0x6ef8c000 	C:\Windows\system32\IMKR14.IME
0x76280000 - 0x76eca000 	C:\Windows\system32\SHELL32.dll
0x71840000 - 0x718e3000 	C:\Windows\WinSxS\x86_microsoft.vc90.crt_1fc8b3b9a1e18e3b_9.0.30729.6161_none_50934f2ebcb7eb57\MSVCR90.dll
0x71690000 - 0x7171e000 	C:\Windows\WinSxS\x86_microsoft.vc90.crt_1fc8b3b9a1e18e3b_9.0.30729.6161_none_50934f2ebcb7eb57\MSVCP90.dll
0x75560000 - 0x7556c000 	C:\Windows\system32\CRYPTBASE.dll
0x65e90000 - 0x66053000 	C:\Windows\system32\d3d9.dll
0x74960000 - 0x74969000 	C:\Windows\system32\VERSION.dll
0x702e0000 - 0x702e6000 	C:\Windows\system32\d3d8thk.dll
0x55560000 - 0x55f0c000 	C:\Windows\system32\nvd3dum.dll
0x57630000 - 0x57669000 	C:\Program Files\Java\jre7\bin\fontmanager.dll
0x75970000 - 0x759f3000 	C:\Windows\system32\CLBCatQ.DLL
0x6cbc0000 - 0x6cc5e000 	C:\Program Files\Common Files\Microsoft Shared\IME14\IMEKR\IMKRTIP.DLL
0x6cb10000 - 0x6cbba000 	C:\PROGRA~1\COMMON~1\MICROS~1\IME14\SHARED\IMETIP.DLL
0x6dee0000 - 0x6df06000 	C:\PROGRA~1\COMMON~1\MICROS~1\IME14\IMEKR\IMKRAPI.DLL
0x6deb0000 - 0x6deda000 	C:\Program Files\Common Files\Microsoft Shared\IME14\SHARED\IMJKAPI.DLL
0x6fa80000 - 0x6fa94000 	C:\Program Files\Java\jre7\bin\net.dll
0x75030000 - 0x7506c000 	C:\Windows\system32\mswsock.dll
0x75170000 - 0x75176000 	C:\Windows\System32\wship6.dll
0x74b80000 - 0x74b85000 	C:\Windows\System32\wshtcpip.dll
0x74f00000 - 0x74f44000 	C:\Windows\system32\DNSAPI.dll
0x73930000 - 0x7394c000 	C:\Windows\system32\IPHLPAPI.DLL
0x738f0000 - 0x738f7000 	C:\Windows\system32\WINNSI.DLL
0x70690000 - 0x70696000 	C:\Windows\system32\rasadhlp.dll
0x73810000 - 0x73848000 	C:\Windows\System32\fwpuclnt.dll

VM Arguments:
jvm_args: -Djava.library.path=. -Dfile.encoding=UTF-8 
java_command: com.samsung.ssm.blindbrowser.BlindBrowser
Launcher Type: SUN_STANDARD

Environment Variables:
JAVA_HOME=C:\Program Files\Java\jdk1.7.0_51
CLASSPATH=.;C:\Program Files\Java\jdk1.7.0_51\lib\tools.jar;
PATH=C:/Program Files/Java/jre7/bin/client;C:/Program Files/Java/jre7/bin;C:/Program Files/Java/jre7/lib/i386;C:\Windows\system32;C:\Windows;C:\Windows\System32\Wbem;C:\Windows\System32\WindowsPowerShell\v1.0\;c:\Program Files\Microsoft SQL Server\100\Tools\Binn\;c:\Program Files\Microsoft SQL Server\100\DTS\Binn\;c:\Program Files\Java\jdk1.7.0_51\bin;C:\Program Files\Windows Kits\8.1\Windows Performance Toolkit\;C:\Program Files\Microsoft SQL Server\110\Tools\Binn\;C:\eclipse-standard-kepler-SR1-win32\eclipse;
USERNAME=HoonKim
OS=Windows_NT
PROCESSOR_IDENTIFIER=x86 Family 6 Model 23 Stepping 10, GenuineIntel



---------------  S Y S T E M  ---------------

OS: Windows 7 Build 7601 Service Pack 1

CPU:total 4 (4 cores per cpu, 1 threads per core) family 6 model 23 stepping 10, cmov, cx8, fxsr, mmx, sse, sse2, sse3, ssse3, sse4.1, tsc

Memory: 4k page, physical 3537328k(824272k free), swap 7726752k(4408k free)

vm_info: Java HotSpot(TM) Client VM (24.51-b03) for windows-x86 JRE (1.7.0_51-b13), built on Dec 18 2013 19:09:58 by "java_re" with unknown MS VC++:1600

time: Mon Feb 24 19:38:43 2014
elapsed time: 1 seconds

